mvn clean
[INFO] Scanning for projects...
[INFO]                                                                         
[INFO] ------------------------------------------------------------------------
[INFO] Building chd-order-consumer unversioned
[INFO] ------------------------------------------------------------------------
[INFO] 
[INFO] --- maven-clean-plugin:2.5:clean (default-clean) @ chd-order-consumer ---
[INFO] ------------------------------------------------------------------------
[INFO] BUILD SUCCESS
[INFO] ------------------------------------------------------------------------
[INFO] Total time: 0.916 s
[INFO] Finished at: 2020-09-25T10:21:31+01:00
[INFO] Final Memory: 9M/58M
[INFO] ------------------------------------------------------------------------
rm -f ./chd-order-consumer.jar
rm -f ./chd-order-consumer-*.zip
rm -rf ./build-*
mvn compile
[INFO] Scanning for projects...
[INFO]                                                                         
[INFO] ------------------------------------------------------------------------
[INFO] Building chd-order-consumer unversioned
[INFO] ------------------------------------------------------------------------
[INFO] 
[INFO] --- jacoco-maven-plugin:0.8.4:prepare-agent (default-prepare-agent) @ chd-order-consumer ---
[INFO] argLine set to -javaagent:/home/vagrant/.m2/repository/org/jacoco/org.jacoco.agent/0.8.4/org.jacoco.agent-0.8.4-runtime.jar=destfile=/home/vagrant/SingleService/chd-order-consumer/target/jacoco.exec
[INFO] 
[INFO] --- maven-resources-plugin:2.6:resources (default-resources) @ chd-order-consumer ---
[INFO] Using 'UTF-8' encoding to copy filtered resources.
[INFO] Copying 1 resource
[INFO] 
[INFO] --- maven-compiler-plugin:3.8.1:compile (default-compile) @ chd-order-consumer ---
[INFO] Changes detected - recompiling the module!
[INFO] Compiling 3 source files to /home/vagrant/SingleService/chd-order-consumer/target/classes
[INFO] ------------------------------------------------------------------------
[INFO] BUILD SUCCESS
[INFO] ------------------------------------------------------------------------
[INFO] Total time: 5.923 s
[INFO] Finished at: 2020-09-25T10:21:38+01:00
[INFO] Final Memory: 18M/58M
[INFO] ------------------------------------------------------------------------
